<?xml version="1.0" encoding="UTF-8"?>
<testng-results ignored="0" total="4" passed="4" failed="0" skipped="0">
  <reporter-output>
  </reporter-output>
  <suite started-at="2018-05-28T23:34:24Z" name="All Test Suite" finished-at="2018-05-28T23:36:35Z" duration-ms="131095">
    <groups>
    </groups>
    <test started-at="2018-05-28T23:34:24Z" name="test1" finished-at="2018-05-28T23:35:00Z" duration-ms="35910">
      <class name="com.epam.lab.github.tests.TestGitHub">
        <test-method signature="findAndVerifyTagTets(com.epam.lab.github.dataobject.UserModelGithub)[pri:0, instance:com.epam.lab.github.tests.TestGitHub@175c2241]" started-at="2018-05-29T02:34:24Z" name="findAndVerifyTagTets" data-provider="getUsersData" finished-at="2018-05-29T02:34:58Z" duration-ms="34061" status="PASS">
          <params>
            <param index="0">
              <value>
                <![CDATA[UserModelGithub{login='taras_131@gmail.com', password='taras131'}]]>
              </value>
            </param>
          </params>
          <reporter-output>
          </reporter-output>
        </test-method> <!-- findAndVerifyTagTets -->
        <test-method signature="findAndVerifyTagTets(com.epam.lab.github.dataobject.UserModelGithub)[pri:0, instance:com.epam.lab.github.tests.TestGitHub@175c2241]" started-at="2018-05-29T02:34:24Z" name="findAndVerifyTagTets" data-provider="getUsersData" finished-at="2018-05-29T02:34:58Z" duration-ms="34084" status="PASS">
          <params>
            <param index="0">
              <value>
                <![CDATA[UserModelGithub{login='taras_131@gmail.com', password='taras131'}]]>
              </value>
            </param>
          </params>
          <reporter-output>
          </reporter-output>
        </test-method> <!-- findAndVerifyTagTets -->
        <test-method is-config="true" signature="kill()[pri:0, instance:com.epam.lab.github.tests.TestGitHub@175c2241]" started-at="2018-05-29T02:34:58Z" name="kill" finished-at="2018-05-29T02:35:00Z" duration-ms="1312" status="PASS">
          <reporter-output>
          </reporter-output>
        </test-method> <!-- kill -->
        <test-method is-config="true" signature="kill()[pri:0, instance:com.epam.lab.github.tests.TestGitHub@175c2241]" started-at="2018-05-29T02:34:58Z" name="kill" finished-at="2018-05-29T02:35:00Z" duration-ms="1322" status="PASS">
          <reporter-output>
          </reporter-output>
        </test-method> <!-- kill -->
      </class> <!-- com.epam.lab.github.tests.TestGitHub -->
    </test> <!-- test1 -->
    <test started-at="2018-05-28T23:35:00Z" name="test2" finished-at="2018-05-28T23:36:35Z" duration-ms="95067">
      <class name="com.epam.lab.gmail.tests.TestGmail">
        <test-method signature="createAndSendMessage(com.epam.lab.gmail.dataobject.UserModelGmail)[pri:0, instance:com.epam.lab.gmail.tests.TestGmail@139982de]" started-at="2018-05-29T02:35:00Z" name="createAndSendMessage" data-provider="getUsersData" finished-at="2018-05-29T02:36:04Z" duration-ms="63819" status="PASS">
          <params>
            <param index="0">
              <value>
                <![CDATA[com.epam.lab.gmail.dataobject.UserModelGmail@22356acd]]>
              </value>
            </param>
          </params>
          <reporter-output>
          </reporter-output>
        </test-method> <!-- createAndSendMessage -->
        <test-method signature="createAndSendMessage(com.epam.lab.gmail.dataobject.UserModelGmail)[pri:0, instance:com.epam.lab.gmail.tests.TestGmail@139982de]" started-at="2018-05-29T02:35:00Z" name="createAndSendMessage" data-provider="getUsersData" finished-at="2018-05-29T02:36:03Z" duration-ms="62950" status="PASS">
          <params>
            <param index="0">
              <value>
                <![CDATA[com.epam.lab.gmail.dataobject.UserModelGmail@2e1ef60]]>
              </value>
            </param>
          </params>
          <reporter-output>
          </reporter-output>
        </test-method> <!-- createAndSendMessage -->
        <test-method is-config="true" signature="close()[pri:0, instance:com.epam.lab.gmail.tests.TestGmail@139982de]" started-at="2018-05-29T02:36:04Z" name="close" finished-at="2018-05-29T02:36:35Z" duration-ms="31220" status="PASS">
          <reporter-output>
          </reporter-output>
        </test-method> <!-- close -->
      </class> <!-- com.epam.lab.gmail.tests.TestGmail -->
    </test> <!-- test2 -->
  </suite> <!-- All Test Suite -->
</testng-results>
